<?xml version="1.0" encoding="UTF-8"?>
<robot generator="Robot 7.4.1 (Python 3.14.2 on win32)" generated="2026-02-14T20:16:19.393593" rpa="false" schemaversion="5">
<suite id="s1" name="jurasstina kallePark" source="C:\Users\Lenovo-P14s\PycharmProjects\jurasstina_kallePark">
<suite id="s1-s1" name="Test" source="C:\Users\Lenovo-P14s\PycharmProjects\jurasstina_kallePark\test">
<suite id="s1-s1-s1" name="Login Suite" source="C:\Users\Lenovo-P14s\PycharmProjects\jurasstina_kallePark\test\login_suite.robot">
<kw name="Open Browser" owner="SeleniumLibrary" type="SETUP">
<msg time="2026-02-14T20:16:19.579636" level="INFO">Opening browser 'chrome' to base url 'http://127.0.0.1:8000/jurap.html'.</msg>
<arg>http://127.0.0.1:8000/jurap.html</arg>
<arg>chrome</arg>
<doc>Opens a new browser instance to the optional ``url``.</doc>
<status status="PASS" start="2026-02-14T20:16:19.579227" elapsed="1.465299"/>
</kw>
<test id="s1-s1-s1-t1" name="TC1 TestingInputBoxes" line="10">
<kw name="Click Link" owner="SeleniumLibrary">
<msg time="2026-02-14T20:16:21.047553" level="INFO">Clicking link 'xpath://*[@id="login-nav"]/a'.</msg>
<arg>xpath://*[@id="login-nav"]/a</arg>
<doc>Clicks a link identified by ``locator``.</doc>
<status status="PASS" start="2026-02-14T20:16:21.047028" elapsed="0.063911"/>
</kw>
<kw name="Element Should Be Visible" owner="SeleniumLibrary">
<msg time="2026-02-14T20:16:21.131450" level="INFO">Element 'id:login-username' is displayed.</msg>
<arg>id:login-username</arg>
<doc>Verifies that the element identified by ``locator`` is visible.</doc>
<status status="PASS" start="2026-02-14T20:16:21.111199" elapsed="0.020532"/>
</kw>
<kw name="Element Should Be Enabled" owner="SeleniumLibrary">
<arg>id:login-username</arg>
<doc>Verifies that element identified by ``locator`` is enabled.</doc>
<status status="PASS" start="2026-02-14T20:16:21.131928" elapsed="0.018457"/>
</kw>
<kw name="Sleep" owner="BuiltIn">
<msg time="2026-02-14T20:16:26.151452" level="INFO">Slept 5 seconds.</msg>
<arg>5s</arg>
<doc>Pauses the test executed for the given time.</doc>
<status status="PASS" start="2026-02-14T20:16:21.150587" elapsed="5.001760"/>
</kw>
<kw name="Element Should Be Visible" owner="SeleniumLibrary">
<msg time="2026-02-14T20:16:26.178200" level="INFO">Element 'id:login-password' is displayed.</msg>
<arg>id:login-password</arg>
<doc>Verifies that the element identified by ``locator`` is visible.</doc>
<status status="PASS" start="2026-02-14T20:16:26.152910" elapsed="0.025554"/>
</kw>
<kw name="Element Should Be Enabled" owner="SeleniumLibrary">
<arg>id:login-password</arg>
<doc>Verifies that element identified by ``locator`` is enabled.</doc>
<status status="PASS" start="2026-02-14T20:16:26.178673" elapsed="0.036772"/>
</kw>
<kw name="Sleep" owner="BuiltIn">
<msg time="2026-02-14T20:16:29.217122" level="INFO">Slept 3 seconds.</msg>
<arg>3s</arg>
<doc>Pauses the test executed for the given time.</doc>
<status status="PASS" start="2026-02-14T20:16:26.215807" elapsed="3.002526"/>
</kw>
<status status="PASS" start="2026-02-14T20:16:21.044801" elapsed="8.174634"/>
</test>
<kw name="Close All Browsers" owner="SeleniumLibrary" type="TEARDOWN">
<doc>Closes all open browsers and resets the browser cache.</doc>
<status status="PASS" start="2026-02-14T20:16:29.225821" elapsed="2.153151"/>
</kw>
<status status="PASS" start="2026-02-14T20:16:19.428415" elapsed="11.950806"/>
</suite>
<status status="PASS" start="2026-02-14T20:16:19.426431" elapsed="11.956257"/>
</suite>
<status status="PASS" start="2026-02-14T20:16:19.398524" elapsed="11.986788"/>
</suite>
<statistics>
<total>
<stat pass="1" fail="0" skip="0">All Tests</stat>
</total>
<tag>
</tag>
<suite>
<stat name="jurasstina kallePark" id="s1" pass="1" fail="0" skip="0">jurasstina kallePark</stat>
<stat name="Test" id="s1-s1" pass="1" fail="0" skip="0">jurasstina kallePark.Test</stat>
<stat name="Login Suite" id="s1-s1-s1" pass="1" fail="0" skip="0">jurasstina kallePark.Test.Login Suite</stat>
</suite>
</statistics>
<errors>
</errors>
</robot>
